This is pdfTeX, Version 3.1415926-2.5-1.40.14 (MiKTeX 2.9 64-bit) (preloaded format=pdflatex 2013.12.1)  15 DEC 2013 20:19
entering extended mode
**C:/GitHub/TriangleProblem/report/report.tex
(C:/GitHub/TriangleProblem/report/report.tex
LaTeX2e <2011/06/27>
Babel <v3.8m> and hyphenation patterns for english, afrikaans, ancientgreek, ar
abic, armenian, assamese, basque, bengali, bokmal, bulgarian, catalan, coptic, 
croatian, czech, danish, dutch, esperanto, estonian, farsi, finnish, french, ga
lician, german, german-x-2013-05-26, greek, gujarati, hindi, hungarian, iceland
ic, indonesian, interlingua, irish, italian, kannada, kurmanji, latin, latvian,
 lithuanian, malayalam, marathi, mongolian, mongolianlmc, monogreek, ngerman, n
german-x-2013-05-26, nynorsk, oriya, panjabi, pinyin, polish, portuguese, roman
ian, russian, sanskrit, serbian, slovak, slovenian, spanish, swedish, swissgerm
an, tamil, telugu, turkish, turkmen, ukenglish, ukrainian, uppersorbian, usengl
ishmax, welsh, loaded.
("C:\Program Files\MiKTeX 2.9\tex\latex\base\article.cls"
Document Class: article 2007/10/19 v1.4h Standard LaTeX document class
("C:\Program Files\MiKTeX 2.9\tex\latex\base\size11.clo"
File: size11.clo 2007/10/19 v1.4h Standard LaTeX file (size option)
)
\c@part=\count79
\c@section=\count80
\c@subsection=\count81
\c@subsubsection=\count82
\c@paragraph=\count83
\c@subparagraph=\count84
\c@figure=\count85
\c@table=\count86
\abovecaptionskip=\skip41
\belowcaptionskip=\skip42
\bibindent=\dimen102
)
(C:\Users\Plamen\AppData\Roaming\MiKTeX\2.9\tex\latex\mh\mathtools.sty
Package: mathtools 2013/02/12 v1.13 mathematical typesetting tools

("C:\Program Files\MiKTeX 2.9\tex\latex\graphics\keyval.sty"
Package: keyval 1999/03/16 v1.13 key=value parser (DPC)
\KV@toks@=\toks14
)
("C:\Program Files\MiKTeX 2.9\tex\latex\tools\calc.sty"
Package: calc 2007/08/22 v4.3 Infix arithmetic (KKT,FJ)
\calc@Acount=\count87
\calc@Bcount=\count88
\calc@Adimen=\dimen103
\calc@Bdimen=\dimen104
\calc@Askip=\skip43
\calc@Bskip=\skip44
LaTeX Info: Redefining \setlength on input line 76.
LaTeX Info: Redefining \addtolength on input line 77.
\calc@Ccount=\count89
\calc@Cskip=\skip45
)
(C:\Users\Plamen\AppData\Roaming\MiKTeX\2.9\tex\latex\mh\mhsetup.sty
Package: mhsetup 2010/01/21 v1.2a programming setup (MH)
)
("C:\Program Files\MiKTeX 2.9\tex\latex\amsmath\amsmath.sty"
Package: amsmath 2013/01/14 v2.14 AMS math features
\@mathmargin=\skip46

For additional information on amsmath, use the `?' option.
("C:\Program Files\MiKTeX 2.9\tex\latex\amsmath\amstext.sty"
Package: amstext 2000/06/29 v2.01

("C:\Program Files\MiKTeX 2.9\tex\latex\amsmath\amsgen.sty"
File: amsgen.sty 1999/11/30 v2.0
\@emptytoks=\toks15
\ex@=\dimen105
))
("C:\Program Files\MiKTeX 2.9\tex\latex\amsmath\amsbsy.sty"
Package: amsbsy 1999/11/29 v1.2d
\pmbraise@=\dimen106
)
("C:\Program Files\MiKTeX 2.9\tex\latex\amsmath\amsopn.sty"
Package: amsopn 1999/12/14 v2.01 operator names
)
\inf@bad=\count90
LaTeX Info: Redefining \frac on input line 210.
\uproot@=\count91
\leftroot@=\count92
LaTeX Info: Redefining \overline on input line 306.
\classnum@=\count93
\DOTSCASE@=\count94
LaTeX Info: Redefining \ldots on input line 378.
LaTeX Info: Redefining \dots on input line 381.
LaTeX Info: Redefining \cdots on input line 466.
\Mathstrutbox@=\box26
\strutbox@=\box27
\big@size=\dimen107
LaTeX Font Info:    Redeclaring font encoding OML on input line 566.
LaTeX Font Info:    Redeclaring font encoding OMS on input line 567.
\macc@depth=\count95
\c@MaxMatrixCols=\count96
\dotsspace@=\muskip10
\c@parentequation=\count97
\dspbrk@lvl=\count98
\tag@help=\toks16
\row@=\count99
\column@=\count100
\maxfields@=\count101
\andhelp@=\toks17
\eqnshift@=\dimen108
\alignsep@=\dimen109
\tagshift@=\dimen110
\tagwidth@=\dimen111
\totwidth@=\dimen112
\lineht@=\dimen113
\@envbody=\toks18
\multlinegap=\skip47
\multlinetaggap=\skip48
\mathdisplay@stack=\toks19
LaTeX Info: Redefining \[ on input line 2665.
LaTeX Info: Redefining \] on input line 2666.
)
LaTeX Info: Thecontrolsequence`\['isalreadyrobust on input line 129.
LaTeX Info: Thecontrolsequence`\]'isalreadyrobust on input line 129.
\g_MT_multlinerow_int=\count102
\l_MT_multwidth_dim=\dimen114
\origjot=\skip49
\l_MT_shortvdotswithinadjustabove_dim=\dimen115
\l_MT_shortvdotswithinadjustbelow_dim=\dimen116
\l_MT_above_intertext_sep=\dimen117
\l_MT_below_intertext_sep=\dimen118
\l_MT_above_shortintertext_sep=\dimen119
\l_MT_below_shortintertext_sep=\dimen120
)
(C:\Users\Plamen\AppData\Roaming\MiKTeX\2.9\tex\latex\algorithmicx\algpseudocod
e.sty
Package: algpseudocode 
 ("C:\Program Files\MiKTeX 2.9\tex\latex\base\ifthen.sty"
Package: ifthen 2001/05/26 v1.1c Standard LaTeX ifthen package (DPC)
)
(C:\Users\Plamen\AppData\Roaming\MiKTeX\2.9\tex\latex\algorithmicx\algorithmicx
.sty
Package: algorithmicx 2005/04/27 v1.2 Algorithmicx

Document Style algorithmicx 1.2 - a greatly improved `algorithmic' style
\c@ALG@line=\count103
\c@ALG@rem=\count104
\c@ALG@nested=\count105
\ALG@tlm=\skip50
\ALG@thistlm=\skip51
\c@ALG@Lnr=\count106
\c@ALG@blocknr=\count107
\c@ALG@storecount=\count108
\c@ALG@tmpcounter=\count109
\ALG@tmplength=\skip52
)
Document Style - pseudocode environments for use with the `algorithmicx' style
) ("C:\Program Files\MiKTeX 2.9\tex\latex\graphics\graphicx.sty"
Package: graphicx 1999/02/16 v1.0f Enhanced LaTeX Graphics (DPC,SPQR)

("C:\Program Files\MiKTeX 2.9\tex\latex\graphics\graphics.sty"
Package: graphics 2009/02/05 v1.0o Standard LaTeX Graphics (DPC,SPQR)

("C:\Program Files\MiKTeX 2.9\tex\latex\graphics\trig.sty"
Package: trig 1999/03/16 v1.09 sin cos tan (DPC)
)
("C:\Program Files\MiKTeX 2.9\tex\latex\00miktex\graphics.cfg"
File: graphics.cfg 2007/01/18 v1.5 graphics configuration of teTeX/TeXLive
)
Package graphics Info: Driver file: pdftex.def on input line 91.

("C:\Program Files\MiKTeX 2.9\tex\latex\pdftex-def\pdftex.def"
File: pdftex.def 2011/05/27 v0.06d Graphics/color for pdfTeX

("C:\Program Files\MiKTeX 2.9\tex\generic\oberdiek\infwarerr.sty"
Package: infwarerr 2010/04/08 v1.3 Providing info/warning/error messages (HO)
)
("C:\Program Files\MiKTeX 2.9\tex\generic\oberdiek\ltxcmds.sty"
Package: ltxcmds 2011/11/09 v1.22 LaTeX kernel commands for general use (HO)
)
\Gread@gobject=\count110
))
\Gin@req@height=\dimen121
\Gin@req@width=\dimen122
)
(C:\Users\Plamen\AppData\Roaming\MiKTeX\2.9\tex\latex\pdfpages\pdfpages.sty
Package: pdfpages 2013/08/25 v0.4v Insert pages of external PDF documents (AM)

(C:\Users\Plamen\AppData\Roaming\MiKTeX\2.9\tex\latex\eso-pic\eso-pic.sty
Package: eso-pic 2013/10/06 v2.0d eso-pic (RN)

("C:\Program Files\MiKTeX 2.9\tex\generic\oberdiek\atbegshi.sty"
Package: atbegshi 2011/10/05 v1.16 At begin shipout hook (HO)

("C:\Program Files\MiKTeX 2.9\tex\generic\oberdiek\ifpdf.sty"
Package: ifpdf 2011/01/30 v2.3 Provides the ifpdf switch (HO)
Package ifpdf Info: pdfTeX in PDF mode is detected.
))
(C:\Users\Plamen\AppData\Roaming\MiKTeX\2.9\tex\latex\xcolor\xcolor.sty
Package: xcolor 2007/01/21 v2.11 LaTeX color extensions (UK)

("C:\Program Files\MiKTeX 2.9\tex\latex\00miktex\color.cfg"
File: color.cfg 2007/01/18 v1.5 color configuration of teTeX/TeXLive
)
Package xcolor Info: Driver file: pdftex.def on input line 225.
Package xcolor Info: Model `cmy' substituted by `cmy0' on input line 1337.
Package xcolor Info: Model `hsb' substituted by `rgb' on input line 1341.
Package xcolor Info: Model `RGB' extended on input line 1353.
Package xcolor Info: Model `HTML' substituted by `rgb' on input line 1355.
Package xcolor Info: Model `Hsb' substituted by `hsb' on input line 1356.
Package xcolor Info: Model `tHsb' substituted by `hsb' on input line 1357.
Package xcolor Info: Model `HSB' substituted by `hsb' on input line 1358.
Package xcolor Info: Model `Gray' substituted by `gray' on input line 1359.
Package xcolor Info: Model `wave' substituted by `hsb' on input line 1360.
))
(C:\Users\Plamen\AppData\Roaming\MiKTeX\2.9\tex\latex\pdfpages\pppdftex.def
File: pppdftex.def 2013/08/25 v0.4v Pdfpages driver for pdfTeX (AM)
)
\AM@pagebox=\box28
\AM@toc@title=\toks20
\c@AM@survey=\count111
\AM@templatesizebox=\box29
)
("C:\Program Files\MiKTeX 2.9\tex\latex\base\inputenc.sty"
Package: inputenc 2008/03/30 v1.1d Input encoding file
\inpenc@prehook=\toks21
\inpenc@posthook=\toks22

(C:\Users\Plamen\AppData\Roaming\MiKTeX\2.9\tex\latex\ucs\utf8x.def
File: utf8x.def 2004/10/17 UCS: Input encoding UTF-8
))
(C:\Users\Plamen\AppData\Roaming\MiKTeX\2.9\tex\latex\ucs\ucs.sty
Package: ucs 2013/05/11 v2.2 UCS: Unicode input support

(C:\Users\Plamen\AppData\Roaming\MiKTeX\2.9\tex\latex\ucs\uni-global.def
File: uni-global.def 2013/05/13 UCS: Unicode global data
)
\uc@secondtry=\count112
\uc@combtoks=\toks23
\uc@combtoksb=\toks24
\uc@temptokena=\toks25
)
("C:\Program Files\MiKTeX 2.9\tex\latex\geometry\geometry.sty"
Package: geometry 2010/09/12 v5.6 Page Geometry

("C:\Program Files\MiKTeX 2.9\tex\generic\oberdiek\ifvtex.sty"
Package: ifvtex 2010/03/01 v1.5 Detect VTeX and its facilities (HO)
Package ifvtex Info: VTeX not detected.
)
("C:\Program Files\MiKTeX 2.9\tex\generic\ifxetex\ifxetex.sty"
Package: ifxetex 2010/09/12 v0.6 Provides ifxetex conditional
)
\Gm@cnth=\count113
\Gm@cntv=\count114
\c@Gm@tempcnt=\count115
\Gm@bindingoffset=\dimen123
\Gm@wd@mp=\dimen124
\Gm@odd@mp=\dimen125
\Gm@even@mp=\dimen126
\Gm@layoutwidth=\dimen127
\Gm@layoutheight=\dimen128
\Gm@layouthoffset=\dimen129
\Gm@layoutvoffset=\dimen130
\Gm@dimlist=\toks26

("C:\Program Files\MiKTeX 2.9\tex\latex\geometry\geometry.cfg"))
(C:\Users\Plamen\AppData\Roaming\MiKTeX\2.9\tex\latex\booktabs\booktabs.sty
Package: booktabs 2005/04/14 v1.61803 publication quality tables
\heavyrulewidth=\dimen131
\lightrulewidth=\dimen132
\cmidrulewidth=\dimen133
\belowrulesep=\dimen134
\belowbottomsep=\dimen135
\aboverulesep=\dimen136
\abovetopsep=\dimen137
\cmidrulesep=\dimen138
\cmidrulekern=\dimen139
\defaultaddspace=\dimen140
\@cmidla=\count116
\@cmidlb=\count117
\@aboverulesep=\dimen141
\@belowrulesep=\dimen142
\@thisruleclass=\count118
\@lastruleclass=\count119
\@thisrulewidth=\dimen143
)
("C:\Program Files\MiKTeX 2.9\tex\latex\tools\array.sty"
Package: array 2008/09/09 v2.4c Tabular extension package (FMi)
\col@sep=\dimen144
\extrarowheight=\dimen145
\NC@list=\toks27
\extratabsurround=\skip53
\backup@length=\skip54
)
(C:\Users\Plamen\AppData\Roaming\MiKTeX\2.9\tex\latex\paralist\paralist.sty
Package: paralist 2013/06/09 v2.4 Extended list environments
\pltopsep=\skip55
\plpartopsep=\skip56
\plitemsep=\skip57
\plparsep=\skip58
\pl@lab=\toks28
)
("C:\Program Files\MiKTeX 2.9\tex\latex\tools\verbatim.sty"
Package: verbatim 2003/08/22 v1.5q LaTeX2e package for verbatim enhancements
\every@verbatim=\toks29
\verbatim@line=\toks30
\verbatim@in@stream=\read1
)
(C:\Users\Plamen\AppData\Roaming\MiKTeX\2.9\tex\latex\subfig\subfig.sty
Package: subfig 2005/06/28 ver: 1.3 subfig package

(C:\Users\Plamen\AppData\Roaming\MiKTeX\2.9\tex\latex\caption\caption.sty
Package: caption 2013/05/02 v3.3-89 Customizing captions (AR)

(C:\Users\Plamen\AppData\Roaming\MiKTeX\2.9\tex\latex\caption\caption3.sty
Package: caption3 2013/05/02 v1.6-88 caption3 kernel (AR)
Package caption3 Info: TeX engine: e-TeX on input line 57.
\captionmargin=\dimen146
\captionmargin@=\dimen147
\captionwidth=\dimen148
\caption@tempdima=\dimen149
\caption@indent=\dimen150
\caption@parindent=\dimen151
\caption@hangindent=\dimen152
)
\c@ContinuedFloat=\count120
)
\c@KVtest=\count121
\sf@farskip=\skip59
\sf@captopadj=\dimen153
\sf@capskip=\skip60
\sf@nearskip=\skip61
\c@subfigure=\count122
\c@subfigure@save=\count123
\c@lofdepth=\count124
\c@subtable=\count125
\c@subtable@save=\count126
\c@lotdepth=\count127
\sf@top=\skip62
\sf@bottom=\skip63
)
(C:\Users\Plamen\AppData\Roaming\MiKTeX\2.9\tex\latex\fancyhdr\fancyhdr.sty
\fancy@headwidth=\skip64
\f@ncyO@elh=\skip65
\f@ncyO@erh=\skip66
\f@ncyO@olh=\skip67
\f@ncyO@orh=\skip68
\f@ncyO@elf=\skip69
\f@ncyO@erf=\skip70
\f@ncyO@olf=\skip71
\f@ncyO@orf=\skip72
)
(C:\Users\Plamen\AppData\Roaming\MiKTeX\2.9\tex\latex\sectsty\sectsty.sty
Package: sectsty 2002/02/25 v2.0.2 Commands to change all sectional heading sty
les
)
(C:\Users\Plamen\AppData\Roaming\MiKTeX\2.9\tex\latex\tocbibind\tocbibind.sty
Package: tocbibind 2010/10/13 v1.5k extra ToC listings
Package tocbibind Info: The document has section divisions on input line 50.


Package tocbibind Note: Using section or other style headings.

) (C:\Users\Plamen\AppData\Roaming\MiKTeX\2.9\tex\latex\tocloft\tocloft.sty
Package: tocloft 2013/05/02 v2.3f parameterised ToC, etc., typesetting
Package tocloft Info: The document has section divisions on input line 44.
\cftparskip=\skip73
\cftbeforetoctitleskip=\skip74
\cftaftertoctitleskip=\skip75
\cftbeforepartskip=\skip76
\cftpartnumwidth=\skip77
\cftpartindent=\skip78
\cftbeforesecskip=\skip79
\cftsecindent=\skip80
\cftsecnumwidth=\skip81
\cftbeforesubsecskip=\skip82
\cftsubsecindent=\skip83
\cftsubsecnumwidth=\skip84
\cftbeforesubsubsecskip=\skip85
\cftsubsubsecindent=\skip86
\cftsubsubsecnumwidth=\skip87
\cftbeforeparaskip=\skip88
\cftparaindent=\skip89
\cftparanumwidth=\skip90
\cftbeforesubparaskip=\skip91
\cftsubparaindent=\skip92
\cftsubparanumwidth=\skip93
\cftbeforeloftitleskip=\skip94
\cftafterloftitleskip=\skip95
\cftbeforefigskip=\skip96
\cftfigindent=\skip97
\cftfignumwidth=\skip98
\cftbeforelottitleskip=\skip99
\cftafterlottitleskip=\skip100
\cftbeforetabskip=\skip101
\cfttabindent=\skip102
\cfttabnumwidth=\skip103
\cftbeforesubfigskip=\skip104
\cftsubfigindent=\skip105
\cftsubfignumwidth=\skip106
\cftbeforesubtabskip=\skip107
\cftsubtabindent=\skip108
\cftsubtabnumwidth=\skip109
)
(C:\GitHub\TriangleProblem\report\report.aux)
LaTeX Font Info:    Checking defaults for OML/cmm/m/it on input line 56.
LaTeX Font Info:    ... okay on input line 56.
LaTeX Font Info:    Checking defaults for T1/cmr/m/n on input line 56.
LaTeX Font Info:    ... okay on input line 56.
LaTeX Font Info:    Checking defaults for OT1/cmr/m/n on input line 56.
LaTeX Font Info:    ... okay on input line 56.
LaTeX Font Info:    Checking defaults for OMS/cmsy/m/n on input line 56.
LaTeX Font Info:    ... okay on input line 56.
LaTeX Font Info:    Checking defaults for OMX/cmex/m/n on input line 56.
LaTeX Font Info:    ... okay on input line 56.
LaTeX Font Info:    Checking defaults for U/cmr/m/n on input line 56.
LaTeX Font Info:    ... okay on input line 56.

(C:\Users\Plamen\AppData\Roaming\MiKTeX\2.9\tex\context\base\supp-pdf.mkii
[Loading MPS to PDF converter (version 2006.09.02).]
\scratchcounter=\count128
\scratchdimen=\dimen154
\scratchbox=\box30
\nofMPsegments=\count129
\nofMParguments=\count130
\everyMPshowfont=\toks31
\MPscratchCnt=\count131
\MPscratchDim=\dimen155
\MPnumerator=\count132
\makeMPintoPDFobject=\count133
\everyMPtoPDFconversion=\toks32
)
\AtBeginShipoutBox=\box31
 (C:\Users\Plamen\AppData\Roaming\MiKTeX\2.9\tex\latex\ucs\ucsencs.def
File: ucsencs.def 2011/01/21 Fixes to fontencodings LGR, T3
)
*geometry* driver: auto-detecting
*geometry* detected driver: pdftex
*geometry* verbose mode - [ preamble ] result:
* driver: pdftex
* paper: a4paper
* layout: <same size as paper>
* layoutoffset:(h,v)=(0.0pt,0.0pt)
* modes: 
* h-part:(L,W,R)=(89.62709pt, 418.25368pt, 89.6271pt)
* v-part:(T,H,B)=(101.40665pt, 591.5302pt, 152.11pt)
* \paperwidth=597.50787pt
* \paperheight=845.04684pt
* \textwidth=418.25368pt
* \textheight=591.5302pt
* \oddsidemargin=17.3571pt
* \evensidemargin=17.3571pt
* \topmargin=-7.86334pt
* \headheight=12.0pt
* \headsep=25.0pt
* \topskip=11.0pt
* \footskip=30.0pt
* \marginparwidth=59.0pt
* \marginparsep=10.0pt
* \columnsep=10.0pt
* \skip\footins=10.0pt plus 4.0pt minus 2.0pt
* \hoffset=0.0pt
* \voffset=0.0pt
* \mag=1000
* \@twocolumnfalse
* \@twosidefalse
* \@mparswitchfalse
* \@reversemarginfalse
* (1in=72.27pt=25.4mm, 1cm=28.453pt)

Package caption Info: Begin \AtBeginDocument code.
Package caption Info: subfig package v1.3 is loaded.
Package caption Info: End \AtBeginDocument code.
(C:\GitHub\TriangleProblem\report\Introduction.tex)
(C:\GitHub\TriangleProblem\report\ProblemDescription.tex
Underfull \hbox (badness 10000) in paragraph at lines 4--1

 []

[1

{C:/Users/Plamen/AppData/Local/MiKTeX/2.9/pdftex/config/pdftex.map}])
(C:\GitHub\TriangleProblem\report\Standard.tex
(C:\Users\Plamen\AppData\Roaming\MiKTeX\2.9\tex\latex\ucs\uni-33.def
File: uni-33.def 2013/05/13 UCS: Unicode data U+2100..U+21FF
)
(C:\Users\Plamen\AppData\Roaming\MiKTeX\2.9\tex\latex\ucs\uni-34.def
File: uni-34.def 2013/05/13 UCS: Unicode data U+2200..U+22FF
) [2]
Underfull \hbox (badness 10000) in paragraph at lines 38--42

 []


Package amsmath Warning: Foreign command \atopwithdelims;
(amsmath)                \frac or \genfrac should be used instead
(amsmath)                 on input line 44.

) (C:\GitHub\TriangleProblem\report\Algorithm.tex
LaTeX Font Info:    Try loading font information for OMS+cmr on input line 6.

("C:\Program Files\MiKTeX 2.9\tex\latex\base\omscmr.fd"
File: omscmr.fd 1999/05/25 v2.5h Standard LaTeX font definitions
)
LaTeX Font Info:    Font shape `OMS/cmr/m/n' in size <10.95> not available
(Font)              Font shape `OMS/cmsy/m/n' tried instead on input line 6.
 [3]
<resources/project_problem_illustration.png, id=23, 1126.2075pt x 766.7847pt>
File: resources/project_problem_illustration.png Graphic file (type png)

<use resources/project_problem_illustration.png>
Package pdftex.def Info: resources/project_problem_illustration.png used on inp
ut line 28.
(pdftex.def)             Requested size: 369.88582pt x 251.83461pt.
 [4 <C:/GitHub/TriangleProblem/report/resources/project_problem_illustration.pn
g>] [5]
<resources/triplet.png, id=32, 218.31563pt x 166.12062pt>
File: resources/triplet.png Graphic file (type png)

<use resources/triplet.png>
Package pdftex.def Info: resources/triplet.png used on input line 104.
(pdftex.def)             Requested size: 256.0748pt x 194.85208pt.

<resources/threads.png, id=33, 214.30063pt x 150.06062pt>
File: resources/threads.png Graphic file (type png)

<use resources/threads.png>
Package pdftex.def Info: resources/threads.png used on input line 116.
(pdftex.def)             Requested size: 256.0748pt x 179.32768pt.
 [6])
(C:\GitHub\TriangleProblem\report\Experiments.tex [7 <C:/GitHub/TriangleProblem
/report/resources/triplet.png> <C:/GitHub/TriangleProblem/report/resources/thre
ads.png>] [8]
Overfull \hbox (34.1862pt too wide) in paragraph at lines 35--56
 [][] 
 []

<resources/graph.png, id=44, 608.2725pt x 396.48125pt>
File: resources/graph.png Graphic file (type png)

<use resources/graph.png>
Package pdftex.def Info: resources/graph.png used on input line 60.
(pdftex.def)             Requested size: 284.52756pt x 185.46294pt.
 [9]) (C:\GitHub\TriangleProblem\report\Conclusion.tex) <Appendixes.pdf, id=48,
 597.23125pt x 845.1575pt>
File: Appendixes.pdf Graphic file (type pdf)
 <use Appendixes.pdf>
Package pdftex.def Info: Appendixes.pdf used on input line 76.
(pdftex.def)             Requested size: 597.22978pt x 845.15544pt.
File: Appendixes.pdf Graphic file (type pdf)

<use Appendixes.pdf>
Package pdftex.def Info: Appendixes.pdf used on input line 76.
(pdftex.def)             Requested size: 597.22978pt x 845.15544pt.
 [10 <C:/GitHub/TriangleProblem/report/resources/graph.png>] [11] <Appendixes.p
df, id=59, page=1, 597.23125pt x 845.1575pt>
File: Appendixes.pdf Graphic file (type pdf)

<use Appendixes.pdf, page 1>
Package pdftex.def Info: Appendixes.pdf, page1 used on input line 76.
(pdftex.def)             Requested size: 597.22978pt x 845.15544pt.
File: Appendixes.pdf Graphic file (type pdf)
 <use Appendixes.pdf, page 1>
Package pdftex.def Info: Appendixes.pdf, page1 used on input line 76.
(pdftex.def)             Requested size: 597.25711pt x 845.19412pt.
File: Appendixes.pdf Graphic file (type pdf)

<use Appendixes.pdf, page 1>
Package pdftex.def Info: Appendixes.pdf, page1 used on input line 76.
(pdftex.def)             Requested size: 597.25711pt x 845.19412pt.
File: Appendixes.pdf Graphic file (type pdf)
 <use Appendixes.pdf, page 1>
Package pdftex.def Info: Appendixes.pdf, page1 used on input line 76.
(pdftex.def)             Requested size: 597.25711pt x 845.19412pt.
File: Appendixes.pdf Graphic file (type pdf)

<use Appendixes.pdf, page 1>
Package pdftex.def Info: Appendixes.pdf, page1 used on input line 76.
(pdftex.def)             Requested size: 597.25711pt x 845.19412pt.
 [12 <C:/GitHub/TriangleProblem/report/Appendixes.pdf>] <Appendixes.pdf, id=84,
 page=2, 597.23125pt x 845.1575pt>
File: Appendixes.pdf Graphic file (type pdf)

<use Appendixes.pdf, page 2>
Package pdftex.def Info: Appendixes.pdf, page2 used on input line 76.
(pdftex.def)             Requested size: 597.25711pt x 845.19412pt.
File: Appendixes.pdf Graphic file (type pdf)
 <use Appendixes.pdf, page 2>
Package pdftex.def Info: Appendixes.pdf, page2 used on input line 76.
(pdftex.def)             Requested size: 597.25711pt x 845.19412pt.
File: Appendixes.pdf Graphic file (type pdf)

<use Appendixes.pdf, page 2>
Package pdftex.def Info: Appendixes.pdf, page2 used on input line 76.
(pdftex.def)             Requested size: 597.25711pt x 845.19412pt.
 [13 <C:/GitHub/TriangleProblem/report/Appendixes.pdf>] <Appendixes.pdf, id=93,
 page=3, 597.23125pt x 845.1575pt>
File: Appendixes.pdf Graphic file (type pdf)

<use Appendixes.pdf, page 3>
Package pdftex.def Info: Appendixes.pdf, page3 used on input line 76.
(pdftex.def)             Requested size: 597.25711pt x 845.19412pt.
File: Appendixes.pdf Graphic file (type pdf)
 <use Appendixes.pdf, page 3>
Package pdftex.def Info: Appendixes.pdf, page3 used on input line 76.
(pdftex.def)             Requested size: 597.25711pt x 845.19412pt.
File: Appendixes.pdf Graphic file (type pdf)

<use Appendixes.pdf, page 3>
Package pdftex.def Info: Appendixes.pdf, page3 used on input line 76.
(pdftex.def)             Requested size: 597.25711pt x 845.19412pt.
 [14 <C:/GitHub/TriangleProblem/report/Appendixes.pdf>] <Appendixes.pdf, id=97,
 page=4, 597.23125pt x 845.1575pt>
File: Appendixes.pdf Graphic file (type pdf)

<use Appendixes.pdf, page 4>
Package pdftex.def Info: Appendixes.pdf, page4 used on input line 76.
(pdftex.def)             Requested size: 597.25711pt x 845.19412pt.
File: Appendixes.pdf Graphic file (type pdf)
 <use Appendixes.pdf, page 4>
Package pdftex.def Info: Appendixes.pdf, page4 used on input line 76.
(pdftex.def)             Requested size: 597.25711pt x 845.19412pt.
File: Appendixes.pdf Graphic file (type pdf)

<use Appendixes.pdf, page 4>
Package pdftex.def Info: Appendixes.pdf, page4 used on input line 76.
(pdftex.def)             Requested size: 597.25711pt x 845.19412pt.
 [15 <C:/GitHub/TriangleProblem/report/Appendixes.pdf>] <Appendixes.pdf, id=101
, page=5, 597.23125pt x 845.1575pt>
File: Appendixes.pdf Graphic file (type pdf)

<use Appendixes.pdf, page 5>
Package pdftex.def Info: Appendixes.pdf, page5 used on input line 76.
(pdftex.def)             Requested size: 597.25711pt x 845.19412pt.
File: Appendixes.pdf Graphic file (type pdf)
 <use Appendixes.pdf, page 5>
Package pdftex.def Info: Appendixes.pdf, page5 used on input line 76.
(pdftex.def)             Requested size: 597.25711pt x 845.19412pt.
File: Appendixes.pdf Graphic file (type pdf)

<use Appendixes.pdf, page 5>
Package pdftex.def Info: Appendixes.pdf, page5 used on input line 76.
(pdftex.def)             Requested size: 597.25711pt x 845.19412pt.
 [16 <C:/GitHub/TriangleProblem/report/Appendixes.pdf>] <Appendixes.pdf, id=105
, page=6, 597.23125pt x 845.1575pt>
File: Appendixes.pdf Graphic file (type pdf)

<use Appendixes.pdf, page 6>
Package pdftex.def Info: Appendixes.pdf, page6 used on input line 76.
(pdftex.def)             Requested size: 597.25711pt x 845.19412pt.
File: Appendixes.pdf Graphic file (type pdf)
 <use Appendixes.pdf, page 6>
Package pdftex.def Info: Appendixes.pdf, page6 used on input line 76.
(pdftex.def)             Requested size: 597.25711pt x 845.19412pt.
File: Appendixes.pdf Graphic file (type pdf)

<use Appendixes.pdf, page 6>
Package pdftex.def Info: Appendixes.pdf, page6 used on input line 76.
(pdftex.def)             Requested size: 597.25711pt x 845.19412pt.
 [17 <C:/GitHub/TriangleProblem/report/Appendixes.pdf>] <Appendixes.pdf, id=109
, page=7, 597.23125pt x 845.1575pt>
File: Appendixes.pdf Graphic file (type pdf)

<use Appendixes.pdf, page 7>
Package pdftex.def Info: Appendixes.pdf, page7 used on input line 76.
(pdftex.def)             Requested size: 597.25711pt x 845.19412pt.
File: Appendixes.pdf Graphic file (type pdf)
 <use Appendixes.pdf, page 7>
Package pdftex.def Info: Appendixes.pdf, page7 used on input line 76.
(pdftex.def)             Requested size: 597.25711pt x 845.19412pt.
File: Appendixes.pdf Graphic file (type pdf)

<use Appendixes.pdf, page 7>
Package pdftex.def Info: Appendixes.pdf, page7 used on input line 76.
(pdftex.def)             Requested size: 597.25711pt x 845.19412pt.
 [18 <C:/GitHub/TriangleProblem/report/Appendixes.pdf>] <Appendixes.pdf, id=113
, page=8, 597.23125pt x 845.1575pt>
File: Appendixes.pdf Graphic file (type pdf)

<use Appendixes.pdf, page 8>
Package pdftex.def Info: Appendixes.pdf, page8 used on input line 76.
(pdftex.def)             Requested size: 597.25711pt x 845.19412pt.
File: Appendixes.pdf Graphic file (type pdf)
 <use Appendixes.pdf, page 8>
Package pdftex.def Info: Appendixes.pdf, page8 used on input line 76.
(pdftex.def)             Requested size: 597.25711pt x 845.19412pt.
File: Appendixes.pdf Graphic file (type pdf)

<use Appendixes.pdf, page 8>
Package pdftex.def Info: Appendixes.pdf, page8 used on input line 76.
(pdftex.def)             Requested size: 597.25711pt x 845.19412pt.
 [19 <C:/GitHub/TriangleProblem/report/Appendixes.pdf>] (C:\GitHub\TriangleProb
lem\report\report.aux) ) 
Here is how much of TeX's memory you used:
 7614 strings out of 493921
 111545 string characters out of 3147279
 194092 words of memory out of 3000000
 10778 multiletter control sequences out of 15000+200000
 12751 words of font info for 46 fonts, out of 3000000 for 9000
 841 hyphenation exceptions out of 8191
 44i,18n,43p,1064b,647s stack positions out of 5000i,500n,10000p,200000b,50000s
<C:/Program Files/MiKTeX 2.9/fonts/type1/public/amsfont
s/cm/cmbx10.pfb><C:/Program Files/MiKTeX 2.9/fonts/type1/public/amsfonts/cm/cme
x10.pfb><C:/Program Files/MiKTeX 2.9/fonts/type1/public/amsfonts/cm/cmmi10.pfb>
<C:/Program Files/MiKTeX 2.9/fonts/type1/public/amsfonts/cm/cmmi6.pfb><C:/Progr
am Files/MiKTeX 2.9/fonts/type1/public/amsfonts/cm/cmmi8.pfb><C:/Program Files/
MiKTeX 2.9/fonts/type1/public/amsfonts/cm/cmr10.pfb><C:/Program Files/MiKTeX 2.
9/fonts/type1/public/amsfonts/cm/cmr12.pfb><C:/Program Files/MiKTeX 2.9/fonts/t
ype1/public/amsfonts/cm/cmr17.pfb><C:/Program Files/MiKTeX 2.9/fonts/type1/publ
ic/amsfonts/cm/cmr6.pfb><C:/Program Files/MiKTeX 2.9/fonts/type1/public/amsfont
s/cm/cmr8.pfb><C:/Program Files/MiKTeX 2.9/fonts/type1/public/amsfonts/cm/cmr9.
pfb><C:/Program Files/MiKTeX 2.9/fonts/type1/public/amsfonts/cm/cmss12.pfb><C:/
Program Files/MiKTeX 2.9/fonts/type1/public/amsfonts/cm/cmsy10.pfb><C:/Program 
Files/MiKTeX 2.9/fonts/type1/public/amsfonts/cm/cmtt10.pfb>
Output written on report.pdf (19 pages, 706066 bytes).
PDF statistics:
 162 PDF objects out of 1000 (max. 8388607)
 0 named destinations out of 1000 (max. 500000)
 76 words of extra memory for PDF output out of 10000 (max. 10000000)

